[2024-03-22T13:58:25.122+0000] {taskinstance.py:1979} INFO - Dependencies all met for dep_context=non-requeueable deps ti=<TaskInstance: source_to_gcs.get_check_result manual__2024-03-22T13:41:19.940286+00:00 [queued]>
[2024-03-22T13:58:25.139+0000] {taskinstance.py:1979} INFO - Dependencies all met for dep_context=requeueable deps ti=<TaskInstance: source_to_gcs.get_check_result manual__2024-03-22T13:41:19.940286+00:00 [queued]>
[2024-03-22T13:58:25.140+0000] {taskinstance.py:2193} INFO - Starting attempt 1 of 1
[2024-03-22T13:58:25.176+0000] {taskinstance.py:2217} INFO - Executing <Task(PythonOperator): get_check_result> on 2024-03-22 13:41:19.940286+00:00
[2024-03-22T13:58:25.187+0000] {standard_task_runner.py:60} INFO - Started process 368 to run task
[2024-03-22T13:58:25.201+0000] {standard_task_runner.py:87} INFO - Running: ['***', 'tasks', 'run', 'source_to_gcs', 'get_check_result', 'manual__2024-03-22T13:41:19.940286+00:00', '--job-id', '164', '--raw', '--subdir', 'DAGS_FOLDER/sourcetobucket.py', '--cfg-path', '/tmp/tmp91jqulfe']
[2024-03-22T13:58:25.208+0000] {standard_task_runner.py:88} INFO - Job 164: Subtask get_check_result
[2024-03-22T13:58:25.320+0000] {task_command.py:423} INFO - Running <TaskInstance: source_to_gcs.get_check_result manual__2024-03-22T13:41:19.940286+00:00 [running]> on host ceb99a37e23c
[2024-03-22T13:58:25.506+0000] {taskinstance.py:2513} INFO - Exporting env vars: AIRFLOW_CTX_DAG_OWNER='***' AIRFLOW_CTX_DAG_ID='source_to_gcs' AIRFLOW_CTX_TASK_ID='get_check_result' AIRFLOW_CTX_EXECUTION_DATE='2024-03-22T13:41:19.940286+00:00' AIRFLOW_CTX_TRY_NUMBER='1' AIRFLOW_CTX_DAG_RUN_ID='manual__2024-03-22T13:41:19.940286+00:00'
[2024-03-22T13:58:25.539+0000] {taskinstance.py:2731} ERROR - Task failed with exception
Traceback (most recent call last):
  File "/home/airflow/.local/lib/python3.8/site-packages/airflow/models/taskinstance.py", line 444, in _execute_task
    result = _execute_callable(context=context, **execute_callable_kwargs)
  File "/home/airflow/.local/lib/python3.8/site-packages/airflow/models/taskinstance.py", line 414, in _execute_callable
    return execute_callable(context=context, **execute_callable_kwargs)
  File "/home/airflow/.local/lib/python3.8/site-packages/airflow/operators/python.py", line 200, in execute
    return_value = self.execute_callable()
  File "/home/airflow/.local/lib/python3.8/site-packages/airflow/operators/python.py", line 217, in execute_callable
    return self.python_callable(*self.op_args, **self.op_kwargs)
  File "/opt/airflow/dags/sourcetobucket.py", line 71, in get_check_result
    result = ti.xcom_pull(task_ids="heck_table_is_present").output
AttributeError: 'NoneType' object has no attribute 'output'
[2024-03-22T13:58:25.556+0000] {taskinstance.py:1149} INFO - Marking task as FAILED. dag_id=source_to_gcs, task_id=get_check_result, execution_date=20240322T134119, start_date=20240322T135825, end_date=20240322T135825
[2024-03-22T13:58:25.586+0000] {standard_task_runner.py:107} ERROR - Failed to execute job 164 for task get_check_result ('NoneType' object has no attribute 'output'; 368)
[2024-03-22T13:58:25.614+0000] {local_task_job_runner.py:234} INFO - Task exited with return code 1
[2024-03-22T13:58:25.658+0000] {taskinstance.py:3312} INFO - 0 downstream tasks scheduled from follow-on schedule check
