[2024-03-23T04:41:50.063+0000] {taskinstance.py:1979} INFO - Dependencies all met for dep_context=non-requeueable deps ti=<TaskInstance: source_to_gcs.get_check_result manual__2024-03-23T04:37:37.326228+00:00 [queued]>
[2024-03-23T04:41:50.084+0000] {taskinstance.py:1979} INFO - Dependencies all met for dep_context=requeueable deps ti=<TaskInstance: source_to_gcs.get_check_result manual__2024-03-23T04:37:37.326228+00:00 [queued]>
[2024-03-23T04:41:50.086+0000] {taskinstance.py:2193} INFO - Starting attempt 1 of 1
[2024-03-23T04:41:50.124+0000] {taskinstance.py:2217} INFO - Executing <Task(PythonOperator): get_check_result> on 2024-03-23 04:37:37.326228+00:00
[2024-03-23T04:41:50.140+0000] {standard_task_runner.py:60} INFO - Started process 230 to run task
[2024-03-23T04:41:50.163+0000] {standard_task_runner.py:87} INFO - Running: ['***', 'tasks', 'run', 'source_to_gcs', 'get_check_result', 'manual__2024-03-23T04:37:37.326228+00:00', '--job-id', '186', '--raw', '--subdir', 'DAGS_FOLDER/sourcetobucket.py', '--cfg-path', '/tmp/tmp30wgkpc6']
[2024-03-23T04:41:50.169+0000] {standard_task_runner.py:88} INFO - Job 186: Subtask get_check_result
[2024-03-23T04:41:50.268+0000] {task_command.py:423} INFO - Running <TaskInstance: source_to_gcs.get_check_result manual__2024-03-23T04:37:37.326228+00:00 [running]> on host ceb99a37e23c
[2024-03-23T04:41:50.402+0000] {taskinstance.py:2513} INFO - Exporting env vars: AIRFLOW_CTX_DAG_OWNER='***' AIRFLOW_CTX_DAG_ID='source_to_gcs' AIRFLOW_CTX_TASK_ID='get_check_result' AIRFLOW_CTX_EXECUTION_DATE='2024-03-23T04:37:37.326228+00:00' AIRFLOW_CTX_TRY_NUMBER='1' AIRFLOW_CTX_DAG_RUN_ID='manual__2024-03-23T04:37:37.326228+00:00'
[2024-03-23T04:41:50.406+0000] {sql.py:785} INFO - Executing SQL check: SELECT COUNT(1) from used_car_analysis_dataset.used_car_price LIMIT 1
[2024-03-23T04:41:50.419+0000] {connection.py:269} WARNING - Connection schemes (type: google_cloud_platform) shall not contain '_' according to RFC3986.
[2024-03-23T04:41:50.422+0000] {base.py:83} INFO - Using connection ID 'gcp_***_conn' for task execution.
[2024-03-23T04:41:50.579+0000] {sql.py:457} INFO - Running statement: SELECT COUNT(1) from used_car_analysis_dataset.used_car_price LIMIT 1, parameters: None
[2024-03-23T04:41:50.581+0000] {bigquery.py:1613} INFO - Inserting job ***_1711168910580324_fabb2f9006d5ccbe668044ee8692b8ed
[2024-03-23T04:41:51.852+0000] {warnings.py:109} WARNING - /home/***/.local/lib/python3.8/site-packages/***/providers/common/sql/hooks/sql.py:407: AirflowProviderDeprecationWarning: Call to deprecated method _make_common_data_structure. (The `_make_serializable` method is deprecated and support will be removed in a future version of the common.sql provider. Please update the DbApiHook's provider to a version based on common.sql >= 1.9.1.)
  result = self._make_common_data_structure(handler(cur))

[2024-03-23T04:41:51.853+0000] {sql.py:788} INFO - Record: [558799]
[2024-03-23T04:41:51.853+0000] {sql.py:796} INFO - Success.
[2024-03-23T04:41:51.854+0000] {taskinstance.py:2731} ERROR - Task failed with exception
Traceback (most recent call last):
  File "/home/airflow/.local/lib/python3.8/site-packages/airflow/models/taskinstance.py", line 444, in _execute_task
    result = _execute_callable(context=context, **execute_callable_kwargs)
  File "/home/airflow/.local/lib/python3.8/site-packages/airflow/models/taskinstance.py", line 414, in _execute_callable
    return execute_callable(context=context, **execute_callable_kwargs)
  File "/home/airflow/.local/lib/python3.8/site-packages/airflow/operators/python.py", line 200, in execute
    return_value = self.execute_callable()
  File "/home/airflow/.local/lib/python3.8/site-packages/airflow/operators/python.py", line 217, in execute_callable
    return self.python_callable(*self.op_args, **self.op_kwargs)
  File "/opt/airflow/dags/sourcetobucket.py", line 68, in run_bigquery_check
    result = task_instance.xcom_pull(task_ids="check_table_is_present")
AttributeError: 'NoneType' object has no attribute 'xcom_pull'
[2024-03-23T04:41:51.909+0000] {taskinstance.py:1149} INFO - Marking task as FAILED. dag_id=source_to_gcs, task_id=get_check_result, execution_date=20240323T043737, start_date=20240323T044150, end_date=20240323T044151
[2024-03-23T04:41:51.929+0000] {standard_task_runner.py:107} ERROR - Failed to execute job 186 for task get_check_result ('NoneType' object has no attribute 'xcom_pull'; 230)
[2024-03-23T04:41:51.950+0000] {local_task_job_runner.py:234} INFO - Task exited with return code 1
[2024-03-23T04:41:51.975+0000] {taskinstance.py:3312} INFO - 0 downstream tasks scheduled from follow-on schedule check
