[2024-03-17T11:02:52.865+0000] {taskinstance.py:1979} INFO - Dependencies all met for dep_context=non-requeueable deps ti=<TaskInstance: source_to_gcs.change_format manual__2024-03-17T11:02:50.433159+00:00 [queued]>
[2024-03-17T11:02:52.881+0000] {taskinstance.py:1979} INFO - Dependencies all met for dep_context=requeueable deps ti=<TaskInstance: source_to_gcs.change_format manual__2024-03-17T11:02:50.433159+00:00 [queued]>
[2024-03-17T11:02:52.882+0000] {taskinstance.py:2193} INFO - Starting attempt 1 of 1
[2024-03-17T11:02:52.916+0000] {taskinstance.py:2217} INFO - Executing <Task(_PythonDecoratedOperator): change_format> on 2024-03-17 11:02:50.433159+00:00
[2024-03-17T11:02:52.927+0000] {standard_task_runner.py:60} INFO - Started process 333 to run task
[2024-03-17T11:02:52.950+0000] {standard_task_runner.py:87} INFO - Running: ['***', 'tasks', 'run', 'source_to_gcs', 'change_format', 'manual__2024-03-17T11:02:50.433159+00:00', '--job-id', '50', '--raw', '--subdir', 'DAGS_FOLDER/sourcetobucket.py', '--cfg-path', '/tmp/tmpcc8_7h9n']
[2024-03-17T11:02:52.961+0000] {standard_task_runner.py:88} INFO - Job 50: Subtask change_format
[2024-03-17T11:02:53.221+0000] {task_command.py:423} INFO - Running <TaskInstance: source_to_gcs.change_format manual__2024-03-17T11:02:50.433159+00:00 [running]> on host 484fbc655ee6
[2024-03-17T11:02:53.489+0000] {taskinstance.py:2513} INFO - Exporting env vars: AIRFLOW_CTX_DAG_OWNER='***' AIRFLOW_CTX_DAG_ID='source_to_gcs' AIRFLOW_CTX_TASK_ID='change_format' AIRFLOW_CTX_EXECUTION_DATE='2024-03-17T11:02:50.433159+00:00' AIRFLOW_CTX_TRY_NUMBER='1' AIRFLOW_CTX_DAG_RUN_ID='manual__2024-03-17T11:02:50.433159+00:00'
[2024-03-17T11:02:59.997+0000] {taskinstance.py:2731} ERROR - Task failed with exception
Traceback (most recent call last):
  File "/home/airflow/.local/lib/python3.8/site-packages/airflow/models/taskinstance.py", line 444, in _execute_task
    result = _execute_callable(context=context, **execute_callable_kwargs)
  File "/home/airflow/.local/lib/python3.8/site-packages/airflow/models/taskinstance.py", line 414, in _execute_callable
    return execute_callable(context=context, **execute_callable_kwargs)
  File "/home/airflow/.local/lib/python3.8/site-packages/airflow/decorators/base.py", line 241, in execute
    return_value = super().execute(context)
  File "/home/airflow/.local/lib/python3.8/site-packages/airflow/operators/python.py", line 200, in execute
    return_value = self.execute_callable()
  File "/home/airflow/.local/lib/python3.8/site-packages/airflow/operators/python.py", line 217, in execute_callable
    return self.python_callable(*self.op_args, **self.op_kwargs)
  File "/opt/airflow/dags/sourcetobucket.py", line 31, in change_format
    df.to_csv('data/uncompressed/car_sales.csv')
  File "/home/airflow/.local/lib/python3.8/site-packages/pandas/core/generic.py", line 3772, in to_csv
    return DataFrameRenderer(formatter).to_csv(
  File "/home/airflow/.local/lib/python3.8/site-packages/pandas/io/formats/format.py", line 1186, in to_csv
    csv_formatter.save()
  File "/home/airflow/.local/lib/python3.8/site-packages/pandas/io/formats/csvs.py", line 240, in save
    with get_handle(
  File "/home/airflow/.local/lib/python3.8/site-packages/pandas/io/common.py", line 737, in get_handle
    check_parent_directory(str(handle))
  File "/home/airflow/.local/lib/python3.8/site-packages/pandas/io/common.py", line 600, in check_parent_directory
    raise OSError(rf"Cannot save file into a non-existent directory: '{parent}'")
OSError: Cannot save file into a non-existent directory: 'data/uncompressed'
[2024-03-17T11:03:00.056+0000] {taskinstance.py:1149} INFO - Marking task as FAILED. dag_id=source_to_gcs, task_id=change_format, execution_date=20240317T110250, start_date=20240317T110252, end_date=20240317T110300
[2024-03-17T11:03:00.080+0000] {standard_task_runner.py:107} ERROR - Failed to execute job 50 for task change_format (Cannot save file into a non-existent directory: 'data/uncompressed'; 333)
[2024-03-17T11:03:00.145+0000] {local_task_job_runner.py:234} INFO - Task exited with return code 1
[2024-03-17T11:03:00.172+0000] {taskinstance.py:3312} INFO - 0 downstream tasks scheduled from follow-on schedule check
